[2015-10-13 16:35:08] /Users/matt/Code/webdriver_plus_codeception-4/tests/acceptance//TestLoginAdminUserCept.php.INFO: ------------------------------------ [] []
[2015-10-13 16:35:08] /Users/matt/Code/webdriver_plus_codeception-4/tests/acceptance//TestLoginAdminUserCept.php.INFO: STARTED: Sign in as ADMIN user [] []
[2015-10-13 16:35:08] /Users/matt/Code/webdriver_plus_codeception-4/tests/acceptance//TestLoginAdminUserCept.php.INFO: I am on page "/login.php" [] []
[2015-10-13 16:35:08] /Users/matt/Code/webdriver_plus_codeception-4/tests/acceptance//TestLoginAdminUserCept.php.INFO: I fill field "username","admin" [] []
[2015-10-13 16:35:08] /Users/matt/Code/webdriver_plus_codeception-4/tests/acceptance//TestLoginAdminUserCept.php.INFO: I fill field "password","admin" [] []
[2015-10-13 16:35:08] /Users/matt/Code/webdriver_plus_codeception-4/tests/acceptance//TestLoginAdminUserCept.php.INFO: I click "login" [] []
[2015-10-13 16:35:09] /Users/matt/Code/webdriver_plus_codeception-4/tests/acceptance//TestLoginAdminUserCept.php.INFO: I see "hello admin user" [] []
[2015-10-13 16:35:09] /Users/matt/Code/webdriver_plus_codeception-4/tests/acceptance//TestLoginAdminUserCept.php.INFO: PASSED [] []
[2015-10-13 16:35:09] /Users/matt/Code/webdriver_plus_codeception-4/tests/acceptance//TestLoginNormalUserBadPasswordCept.php.INFO: ------------------------------------ [] []
[2015-10-13 16:35:09] /Users/matt/Code/webdriver_plus_codeception-4/tests/acceptance//TestLoginNormalUserBadPasswordCept.php.INFO: STARTED: Sign in as NORMAL user - failure [] []
[2015-10-13 16:35:09] /Users/matt/Code/webdriver_plus_codeception-4/tests/acceptance//TestLoginNormalUserBadPasswordCept.php.INFO: I am on page "/login.php" [] []
[2015-10-13 16:35:09] /Users/matt/Code/webdriver_plus_codeception-4/tests/acceptance//TestLoginNormalUserBadPasswordCept.php.INFO: I fill field "username","user" [] []
[2015-10-13 16:35:09] /Users/matt/Code/webdriver_plus_codeception-4/tests/acceptance//TestLoginNormalUserBadPasswordCept.php.INFO: I fill field "password","bad_password" [] []
[2015-10-13 16:35:09] /Users/matt/Code/webdriver_plus_codeception-4/tests/acceptance//TestLoginNormalUserBadPasswordCept.php.INFO: I click "login" [] []
[2015-10-13 16:35:09] /Users/matt/Code/webdriver_plus_codeception-4/tests/acceptance//TestLoginNormalUserBadPasswordCept.php.INFO: I see "try again" [] []
[2015-10-13 16:35:10] /Users/matt/Code/webdriver_plus_codeception-4/tests/acceptance//TestLoginNormalUserBadPasswordCept.php.INFO: PASSED [] []
[2015-10-13 16:35:10] /Users/matt/Code/webdriver_plus_codeception-4/tests/acceptance//TestLoginNormalUserCept.php.INFO: ------------------------------------ [] []
[2015-10-13 16:35:10] /Users/matt/Code/webdriver_plus_codeception-4/tests/acceptance//TestLoginNormalUserCept.php.INFO: STARTED: Sign in as NORMAL user [] []
[2015-10-13 16:35:10] /Users/matt/Code/webdriver_plus_codeception-4/tests/acceptance//TestLoginNormalUserCept.php.INFO: I am on page "/login.php" [] []
[2015-10-13 16:35:10] /Users/matt/Code/webdriver_plus_codeception-4/tests/acceptance//TestLoginNormalUserCept.php.INFO: I fill field "username","user" [] []
[2015-10-13 16:35:10] /Users/matt/Code/webdriver_plus_codeception-4/tests/acceptance//TestLoginNormalUserCept.php.INFO: I fill field "password","user" [] []
[2015-10-13 16:35:10] /Users/matt/Code/webdriver_plus_codeception-4/tests/acceptance//TestLoginNormalUserCept.php.INFO: I click "login" [] []
[2015-10-13 16:35:10] /Users/matt/Code/webdriver_plus_codeception-4/tests/acceptance//TestLoginNormalUserCept.php.INFO: I see "kitchen" [] []
[2015-10-13 16:35:10] /Users/matt/Code/webdriver_plus_codeception-4/tests/acceptance//TestLoginNormalUserCept.php.INFO: PASSED [] []
[2015-10-13 16:35:10] /Users/matt/Code/webdriver_plus_codeception-4/tests/acceptance//WelcomeCept.php.INFO: ------------------------------------ [] []
[2015-10-13 16:35:10] /Users/matt/Code/webdriver_plus_codeception-4/tests/acceptance//WelcomeCept.php.INFO: STARTED: Ensure that frontpage works [] []
[2015-10-13 16:35:10] /Users/matt/Code/webdriver_plus_codeception-4/tests/acceptance//WelcomeCept.php.INFO: I am on page "/" [] []
[2015-10-13 16:35:10] /Users/matt/Code/webdriver_plus_codeception-4/tests/acceptance//WelcomeCept.php.INFO: I see "Home" [] []
[2015-10-13 16:35:10] /Users/matt/Code/webdriver_plus_codeception-4/tests/acceptance//WelcomeCept.php.INFO: PASSED [] []
[2015-10-13 16:38:33] /Users/matt/Code/webdriver_plus_codeception-4/tests/acceptance//GitHub-webdriverCept.php.INFO: ------------------------------------ [] []
[2015-10-13 16:38:33] /Users/matt/Code/webdriver_plus_codeception-4/tests/acceptance//GitHub-webdriverCept.php.INFO: STARTED: Find facebook/php-webdriver on GitHub [] []
[2015-10-13 16:38:33] /Users/matt/Code/webdriver_plus_codeception-4/tests/acceptance//GitHub-webdriverCept.php.INFO: I am on page "/" [] []
[2015-10-13 16:38:34] /Users/matt/Code/webdriver_plus_codeception-4/tests/acceptance//GitHub-webdriverCept.php.INFO: I submit form ".js-site-search-form",{"q":"php-webdriver"} [] []
[2015-10-13 16:38:34] /Users/matt/Code/webdriver_plus_codeception-4/tests/acceptance//GitHub-webdriverCept.php.ALERT: Form via CSS or XPath '.js-site-search-form' was not found. [] []
[2015-10-13 16:38:34] /Users/matt/Code/webdriver_plus_codeception-4/tests/acceptance//GitHub-webdriverCept.php.INFO: # FAILED # [] []
[2015-10-13 16:38:34] /Users/matt/Code/webdriver_plus_codeception-4/tests/acceptance//GitHub-webdriverCept.php.INFO: PASSED [] []
[2015-10-13 16:38:34] /Users/matt/Code/webdriver_plus_codeception-4/tests/acceptance//TestLoginAdminUserCept.php.INFO: ------------------------------------ [] []
[2015-10-13 16:38:34] /Users/matt/Code/webdriver_plus_codeception-4/tests/acceptance//TestLoginAdminUserCept.php.INFO: STARTED: Sign in as ADMIN user [] []
[2015-10-13 16:38:34] /Users/matt/Code/webdriver_plus_codeception-4/tests/acceptance//TestLoginAdminUserCept.php.INFO: I am on page "/login.php" [] []
[2015-10-13 16:38:34] /Users/matt/Code/webdriver_plus_codeception-4/tests/acceptance//TestLoginAdminUserCept.php.INFO: I fill field "username","admin" [] []
[2015-10-13 16:38:34] /Users/matt/Code/webdriver_plus_codeception-4/tests/acceptance//TestLoginAdminUserCept.php.INFO: I fill field "password","admin" [] []
[2015-10-13 16:38:34] /Users/matt/Code/webdriver_plus_codeception-4/tests/acceptance//TestLoginAdminUserCept.php.INFO: I click "login" [] []
[2015-10-13 16:38:35] /Users/matt/Code/webdriver_plus_codeception-4/tests/acceptance//TestLoginAdminUserCept.php.INFO: I see "hello admin user" [] []
[2015-10-13 16:38:35] /Users/matt/Code/webdriver_plus_codeception-4/tests/acceptance//TestLoginAdminUserCept.php.INFO: PASSED [] []
[2015-10-13 16:38:35] /Users/matt/Code/webdriver_plus_codeception-4/tests/acceptance//TestLoginNormalUserBadPasswordCept.php.INFO: ------------------------------------ [] []
[2015-10-13 16:38:35] /Users/matt/Code/webdriver_plus_codeception-4/tests/acceptance//TestLoginNormalUserBadPasswordCept.php.INFO: STARTED: Sign in as NORMAL user - failure [] []
[2015-10-13 16:38:35] /Users/matt/Code/webdriver_plus_codeception-4/tests/acceptance//TestLoginNormalUserBadPasswordCept.php.INFO: I am on page "/login.php" [] []
[2015-10-13 16:38:35] /Users/matt/Code/webdriver_plus_codeception-4/tests/acceptance//TestLoginNormalUserBadPasswordCept.php.INFO: I fill field "username","user" [] []
[2015-10-13 16:38:35] /Users/matt/Code/webdriver_plus_codeception-4/tests/acceptance//TestLoginNormalUserBadPasswordCept.php.INFO: I fill field "password","bad_password" [] []
[2015-10-13 16:38:35] /Users/matt/Code/webdriver_plus_codeception-4/tests/acceptance//TestLoginNormalUserBadPasswordCept.php.INFO: I click "login" [] []
[2015-10-13 16:38:35] /Users/matt/Code/webdriver_plus_codeception-4/tests/acceptance//TestLoginNormalUserBadPasswordCept.php.INFO: I see "try again" [] []
[2015-10-13 16:38:35] /Users/matt/Code/webdriver_plus_codeception-4/tests/acceptance//TestLoginNormalUserBadPasswordCept.php.INFO: PASSED [] []
[2015-10-13 16:38:35] /Users/matt/Code/webdriver_plus_codeception-4/tests/acceptance//TestLoginNormalUserCept.php.INFO: ------------------------------------ [] []
[2015-10-13 16:38:35] /Users/matt/Code/webdriver_plus_codeception-4/tests/acceptance//TestLoginNormalUserCept.php.INFO: STARTED: Sign in as NORMAL user [] []
[2015-10-13 16:38:35] /Users/matt/Code/webdriver_plus_codeception-4/tests/acceptance//TestLoginNormalUserCept.php.INFO: I am on page "/login.php" [] []
[2015-10-13 16:38:35] /Users/matt/Code/webdriver_plus_codeception-4/tests/acceptance//TestLoginNormalUserCept.php.INFO: I fill field "username","user" [] []
[2015-10-13 16:38:35] /Users/matt/Code/webdriver_plus_codeception-4/tests/acceptance//TestLoginNormalUserCept.php.INFO: I fill field "password","user" [] []
[2015-10-13 16:38:36] /Users/matt/Code/webdriver_plus_codeception-4/tests/acceptance//TestLoginNormalUserCept.php.INFO: I click "login" [] []
[2015-10-13 16:38:36] /Users/matt/Code/webdriver_plus_codeception-4/tests/acceptance//TestLoginNormalUserCept.php.INFO: I see "kitchen" [] []
[2015-10-13 16:38:36] /Users/matt/Code/webdriver_plus_codeception-4/tests/acceptance//TestLoginNormalUserCept.php.INFO: PASSED [] []
[2015-10-13 16:38:36] /Users/matt/Code/webdriver_plus_codeception-4/tests/acceptance//WelcomeCept.php.INFO: ------------------------------------ [] []
[2015-10-13 16:38:36] /Users/matt/Code/webdriver_plus_codeception-4/tests/acceptance//WelcomeCept.php.INFO: STARTED: Ensure that frontpage works [] []
[2015-10-13 16:38:36] /Users/matt/Code/webdriver_plus_codeception-4/tests/acceptance//WelcomeCept.php.INFO: I am on page "/" [] []
[2015-10-13 16:38:36] /Users/matt/Code/webdriver_plus_codeception-4/tests/acceptance//WelcomeCept.php.INFO: I see "Home" [] []
[2015-10-13 16:38:36] /Users/matt/Code/webdriver_plus_codeception-4/tests/acceptance//WelcomeCept.php.INFO: PASSED [] []
[2015-10-13 16:39:14] /Users/matt/Code/webdriver_plus_codeception-4/tests/acceptance//GitHub-webdriverCept.php.INFO: ------------------------------------ [] []
[2015-10-13 16:39:14] /Users/matt/Code/webdriver_plus_codeception-4/tests/acceptance//GitHub-webdriverCept.php.INFO: STARTED: Find facebook/php-webdriver on GitHub [] []
[2015-10-13 16:39:14] /Users/matt/Code/webdriver_plus_codeception-4/tests/acceptance//GitHub-webdriverCept.php.INFO: I am on page "https://github.com/" [] []
[2015-10-13 16:39:15] /Users/matt/Code/webdriver_plus_codeception-4/tests/acceptance//GitHub-webdriverCept.php.INFO: I submit form ".js-site-search-form",{"q":"php-webdriver"} [] []
[2015-10-13 16:39:15] /Users/matt/Code/webdriver_plus_codeception-4/tests/acceptance//GitHub-webdriverCept.php.ALERT: Form via CSS or XPath '.js-site-search-form' was not found. [] []
[2015-10-13 16:39:15] /Users/matt/Code/webdriver_plus_codeception-4/tests/acceptance//GitHub-webdriverCept.php.INFO: # FAILED # [] []
[2015-10-13 16:39:15] /Users/matt/Code/webdriver_plus_codeception-4/tests/acceptance//GitHub-webdriverCept.php.INFO: PASSED [] []
[2015-10-13 16:39:15] /Users/matt/Code/webdriver_plus_codeception-4/tests/acceptance//TestLoginAdminUserCept.php.INFO: ------------------------------------ [] []
[2015-10-13 16:39:15] /Users/matt/Code/webdriver_plus_codeception-4/tests/acceptance//TestLoginAdminUserCept.php.INFO: STARTED: Sign in as ADMIN user [] []
[2015-10-13 16:39:15] /Users/matt/Code/webdriver_plus_codeception-4/tests/acceptance//TestLoginAdminUserCept.php.INFO: I am on page "/login.php" [] []
[2015-10-13 16:39:15] /Users/matt/Code/webdriver_plus_codeception-4/tests/acceptance//TestLoginAdminUserCept.php.INFO: I fill field "username","admin" [] []
[2015-10-13 16:39:15] /Users/matt/Code/webdriver_plus_codeception-4/tests/acceptance//TestLoginAdminUserCept.php.INFO: I fill field "password","admin" [] []
[2015-10-13 16:39:15] /Users/matt/Code/webdriver_plus_codeception-4/tests/acceptance//TestLoginAdminUserCept.php.INFO: I click "login" [] []
[2015-10-13 16:39:15] /Users/matt/Code/webdriver_plus_codeception-4/tests/acceptance//TestLoginAdminUserCept.php.INFO: I see "hello admin user" [] []
[2015-10-13 16:39:15] /Users/matt/Code/webdriver_plus_codeception-4/tests/acceptance//TestLoginAdminUserCept.php.INFO: PASSED [] []
[2015-10-13 16:39:15] /Users/matt/Code/webdriver_plus_codeception-4/tests/acceptance//TestLoginNormalUserBadPasswordCept.php.INFO: ------------------------------------ [] []
[2015-10-13 16:39:15] /Users/matt/Code/webdriver_plus_codeception-4/tests/acceptance//TestLoginNormalUserBadPasswordCept.php.INFO: STARTED: Sign in as NORMAL user - failure [] []
[2015-10-13 16:39:15] /Users/matt/Code/webdriver_plus_codeception-4/tests/acceptance//TestLoginNormalUserBadPasswordCept.php.INFO: I am on page "/login.php" [] []
[2015-10-13 16:39:16] /Users/matt/Code/webdriver_plus_codeception-4/tests/acceptance//TestLoginNormalUserBadPasswordCept.php.INFO: I fill field "username","user" [] []
[2015-10-13 16:39:16] /Users/matt/Code/webdriver_plus_codeception-4/tests/acceptance//TestLoginNormalUserBadPasswordCept.php.INFO: I fill field "password","bad_password" [] []
[2015-10-13 16:39:16] /Users/matt/Code/webdriver_plus_codeception-4/tests/acceptance//TestLoginNormalUserBadPasswordCept.php.INFO: I click "login" [] []
[2015-10-13 16:39:16] /Users/matt/Code/webdriver_plus_codeception-4/tests/acceptance//TestLoginNormalUserBadPasswordCept.php.INFO: I see "try again" [] []
[2015-10-13 16:39:16] /Users/matt/Code/webdriver_plus_codeception-4/tests/acceptance//TestLoginNormalUserBadPasswordCept.php.INFO: PASSED [] []
[2015-10-13 16:39:16] /Users/matt/Code/webdriver_plus_codeception-4/tests/acceptance//TestLoginNormalUserCept.php.INFO: ------------------------------------ [] []
[2015-10-13 16:39:16] /Users/matt/Code/webdriver_plus_codeception-4/tests/acceptance//TestLoginNormalUserCept.php.INFO: STARTED: Sign in as NORMAL user [] []
[2015-10-13 16:39:16] /Users/matt/Code/webdriver_plus_codeception-4/tests/acceptance//TestLoginNormalUserCept.php.INFO: I am on page "/login.php" [] []
[2015-10-13 16:39:16] /Users/matt/Code/webdriver_plus_codeception-4/tests/acceptance//TestLoginNormalUserCept.php.INFO: I fill field "username","user" [] []
[2015-10-13 16:39:16] /Users/matt/Code/webdriver_plus_codeception-4/tests/acceptance//TestLoginNormalUserCept.php.INFO: I fill field "password","user" [] []
[2015-10-13 16:39:17] /Users/matt/Code/webdriver_plus_codeception-4/tests/acceptance//TestLoginNormalUserCept.php.INFO: I click "login" [] []
[2015-10-13 16:39:17] /Users/matt/Code/webdriver_plus_codeception-4/tests/acceptance//TestLoginNormalUserCept.php.INFO: I see "kitchen" [] []
[2015-10-13 16:39:17] /Users/matt/Code/webdriver_plus_codeception-4/tests/acceptance//TestLoginNormalUserCept.php.INFO: PASSED [] []
[2015-10-13 16:39:17] /Users/matt/Code/webdriver_plus_codeception-4/tests/acceptance//WelcomeCept.php.INFO: ------------------------------------ [] []
[2015-10-13 16:39:17] /Users/matt/Code/webdriver_plus_codeception-4/tests/acceptance//WelcomeCept.php.INFO: STARTED: Ensure that frontpage works [] []
[2015-10-13 16:39:17] /Users/matt/Code/webdriver_plus_codeception-4/tests/acceptance//WelcomeCept.php.INFO: I am on page "/" [] []
[2015-10-13 16:39:17] /Users/matt/Code/webdriver_plus_codeception-4/tests/acceptance//WelcomeCept.php.INFO: I see "Home" [] []
[2015-10-13 16:39:17] /Users/matt/Code/webdriver_plus_codeception-4/tests/acceptance//WelcomeCept.php.INFO: PASSED [] []
[2015-10-13 16:41:16] /Users/matt/Code/webdriver_plus_codeception-4/tests/acceptance//GitHub-webdriverCept.php.INFO: ------------------------------------ [] []
[2015-10-13 16:41:16] /Users/matt/Code/webdriver_plus_codeception-4/tests/acceptance//GitHub-webdriverCept.php.INFO: STARTED: Find facebook/php-webdriver on GitHub [] []
[2015-10-13 16:41:16] /Users/matt/Code/webdriver_plus_codeception-4/tests/acceptance//GitHub-webdriverCept.php.INFO: I am on page "/" [] []
[2015-10-13 16:41:16] /Users/matt/Code/webdriver_plus_codeception-4/tests/acceptance//GitHub-webdriverCept.php.INFO: I click "github" [] []
[2015-10-13 16:41:16] /Users/matt/Code/webdriver_plus_codeception-4/tests/acceptance//GitHub-webdriverCept.php.ALERT: Link or Button or CSS or XPath 'github' was not found. [] []
[2015-10-13 16:41:16] /Users/matt/Code/webdriver_plus_codeception-4/tests/acceptance//GitHub-webdriverCept.php.INFO: # FAILED # [] []
[2015-10-13 16:41:16] /Users/matt/Code/webdriver_plus_codeception-4/tests/acceptance//GitHub-webdriverCept.php.INFO: PASSED [] []
[2015-10-13 16:41:16] /Users/matt/Code/webdriver_plus_codeception-4/tests/acceptance//TestLoginAdminUserCept.php.INFO: ------------------------------------ [] []
[2015-10-13 16:41:16] /Users/matt/Code/webdriver_plus_codeception-4/tests/acceptance//TestLoginAdminUserCept.php.INFO: STARTED: Sign in as ADMIN user [] []
[2015-10-13 16:41:16] /Users/matt/Code/webdriver_plus_codeception-4/tests/acceptance//TestLoginAdminUserCept.php.INFO: I am on page "/login.php" [] []
[2015-10-13 16:41:16] /Users/matt/Code/webdriver_plus_codeception-4/tests/acceptance//TestLoginAdminUserCept.php.INFO: I fill field "username","admin" [] []
[2015-10-13 16:41:16] /Users/matt/Code/webdriver_plus_codeception-4/tests/acceptance//TestLoginAdminUserCept.php.INFO: I fill field "password","admin" [] []
[2015-10-13 16:41:17] /Users/matt/Code/webdriver_plus_codeception-4/tests/acceptance//TestLoginAdminUserCept.php.INFO: I click "login" [] []
[2015-10-13 16:41:17] /Users/matt/Code/webdriver_plus_codeception-4/tests/acceptance//TestLoginAdminUserCept.php.INFO: I see "hello admin user" [] []
[2015-10-13 16:41:17] /Users/matt/Code/webdriver_plus_codeception-4/tests/acceptance//TestLoginAdminUserCept.php.INFO: PASSED [] []
[2015-10-13 16:41:17] /Users/matt/Code/webdriver_plus_codeception-4/tests/acceptance//TestLoginNormalUserBadPasswordCept.php.INFO: ------------------------------------ [] []
[2015-10-13 16:41:17] /Users/matt/Code/webdriver_plus_codeception-4/tests/acceptance//TestLoginNormalUserBadPasswordCept.php.INFO: STARTED: Sign in as NORMAL user - failure [] []
[2015-10-13 16:41:17] /Users/matt/Code/webdriver_plus_codeception-4/tests/acceptance//TestLoginNormalUserBadPasswordCept.php.INFO: I am on page "/login.php" [] []
[2015-10-13 16:41:17] /Users/matt/Code/webdriver_plus_codeception-4/tests/acceptance//TestLoginNormalUserBadPasswordCept.php.INFO: I fill field "username","user" [] []
[2015-10-13 16:41:17] /Users/matt/Code/webdriver_plus_codeception-4/tests/acceptance//TestLoginNormalUserBadPasswordCept.php.INFO: I fill field "password","bad_password" [] []
[2015-10-13 16:41:17] /Users/matt/Code/webdriver_plus_codeception-4/tests/acceptance//TestLoginNormalUserBadPasswordCept.php.INFO: I click "login" [] []
[2015-10-13 16:41:17] /Users/matt/Code/webdriver_plus_codeception-4/tests/acceptance//TestLoginNormalUserBadPasswordCept.php.INFO: I see "try again" [] []
[2015-10-13 16:41:18] /Users/matt/Code/webdriver_plus_codeception-4/tests/acceptance//TestLoginNormalUserBadPasswordCept.php.INFO: PASSED [] []
[2015-10-13 16:41:18] /Users/matt/Code/webdriver_plus_codeception-4/tests/acceptance//TestLoginNormalUserCept.php.INFO: ------------------------------------ [] []
[2015-10-13 16:41:18] /Users/matt/Code/webdriver_plus_codeception-4/tests/acceptance//TestLoginNormalUserCept.php.INFO: STARTED: Sign in as NORMAL user [] []
[2015-10-13 16:41:18] /Users/matt/Code/webdriver_plus_codeception-4/tests/acceptance//TestLoginNormalUserCept.php.INFO: I am on page "/login.php" [] []
[2015-10-13 16:41:18] /Users/matt/Code/webdriver_plus_codeception-4/tests/acceptance//TestLoginNormalUserCept.php.INFO: I fill field "username","user" [] []
[2015-10-13 16:41:18] /Users/matt/Code/webdriver_plus_codeception-4/tests/acceptance//TestLoginNormalUserCept.php.INFO: I fill field "password","user" [] []
[2015-10-13 16:41:18] /Users/matt/Code/webdriver_plus_codeception-4/tests/acceptance//TestLoginNormalUserCept.php.INFO: I click "login" [] []
[2015-10-13 16:41:18] /Users/matt/Code/webdriver_plus_codeception-4/tests/acceptance//TestLoginNormalUserCept.php.INFO: I see "kitchen" [] []
[2015-10-13 16:41:18] /Users/matt/Code/webdriver_plus_codeception-4/tests/acceptance//TestLoginNormalUserCept.php.INFO: PASSED [] []
[2015-10-13 16:41:18] /Users/matt/Code/webdriver_plus_codeception-4/tests/acceptance//WelcomeCept.php.INFO: ------------------------------------ [] []
[2015-10-13 16:41:18] /Users/matt/Code/webdriver_plus_codeception-4/tests/acceptance//WelcomeCept.php.INFO: STARTED: Ensure that frontpage works [] []
[2015-10-13 16:41:18] /Users/matt/Code/webdriver_plus_codeception-4/tests/acceptance//WelcomeCept.php.INFO: I am on page "/" [] []
[2015-10-13 16:41:18] /Users/matt/Code/webdriver_plus_codeception-4/tests/acceptance//WelcomeCept.php.INFO: I see "Home" [] []
[2015-10-13 16:41:18] /Users/matt/Code/webdriver_plus_codeception-4/tests/acceptance//WelcomeCept.php.INFO: PASSED [] []
[2015-10-13 16:44:06] /Users/matt/Code/webdriver_plus_codeception-4/tests/acceptance//GitHub-webdriverCept.php.INFO: ------------------------------------ [] []
[2015-10-13 16:44:06] /Users/matt/Code/webdriver_plus_codeception-4/tests/acceptance//GitHub-webdriverCept.php.INFO: STARTED: Find facebook/php-webdriver on GitHub [] []
[2015-10-13 16:44:06] /Users/matt/Code/webdriver_plus_codeception-4/tests/acceptance//GitHub-webdriverCept.php.INFO: I am on page "/" [] []
[2015-10-13 16:44:06] /Users/matt/Code/webdriver_plus_codeception-4/tests/acceptance//GitHub-webdriverCept.php.INFO: I click "github" [] []
[2015-10-13 16:44:08] /Users/matt/Code/webdriver_plus_codeception-4/tests/acceptance//GitHub-webdriverCept.php.INFO: I am on page "https://github.com/" [] []
[2015-10-13 16:44:08] /Users/matt/Code/webdriver_plus_codeception-4/tests/acceptance//GitHub-webdriverCept.php.INFO: I submit form ".js-site-search-form",{"q":"php-webdriver"} [] []
[2015-10-13 16:44:09] /Users/matt/Code/webdriver_plus_codeception-4/tests/acceptance//GitHub-webdriverCept.php.ALERT: Form via CSS or XPath '.js-site-search-form' was not found. [] []
[2015-10-13 16:44:09] /Users/matt/Code/webdriver_plus_codeception-4/tests/acceptance//GitHub-webdriverCept.php.INFO: # FAILED # [] []
[2015-10-13 16:44:09] /Users/matt/Code/webdriver_plus_codeception-4/tests/acceptance//GitHub-webdriverCept.php.INFO: PASSED [] []
[2015-10-13 16:44:09] /Users/matt/Code/webdriver_plus_codeception-4/tests/acceptance//TestLoginAdminUserCept.php.INFO: ------------------------------------ [] []
[2015-10-13 16:44:09] /Users/matt/Code/webdriver_plus_codeception-4/tests/acceptance//TestLoginAdminUserCept.php.INFO: STARTED: Sign in as ADMIN user [] []
[2015-10-13 16:44:09] /Users/matt/Code/webdriver_plus_codeception-4/tests/acceptance//TestLoginAdminUserCept.php.INFO: I am on page "/login.php" [] []
[2015-10-13 16:44:09] /Users/matt/Code/webdriver_plus_codeception-4/tests/acceptance//TestLoginAdminUserCept.php.INFO: I fill field "username","admin" [] []
[2015-10-13 16:44:09] /Users/matt/Code/webdriver_plus_codeception-4/tests/acceptance//TestLoginAdminUserCept.php.INFO: I fill field "password","admin" [] []
[2015-10-13 16:44:09] /Users/matt/Code/webdriver_plus_codeception-4/tests/acceptance//TestLoginAdminUserCept.php.INFO: I click "login" [] []
[2015-10-13 16:44:09] /Users/matt/Code/webdriver_plus_codeception-4/tests/acceptance//TestLoginAdminUserCept.php.INFO: I see "hello admin user" [] []
[2015-10-13 16:44:09] /Users/matt/Code/webdriver_plus_codeception-4/tests/acceptance//TestLoginAdminUserCept.php.INFO: PASSED [] []
[2015-10-13 16:44:09] /Users/matt/Code/webdriver_plus_codeception-4/tests/acceptance//TestLoginNormalUserBadPasswordCept.php.INFO: ------------------------------------ [] []
[2015-10-13 16:44:09] /Users/matt/Code/webdriver_plus_codeception-4/tests/acceptance//TestLoginNormalUserBadPasswordCept.php.INFO: STARTED: Sign in as NORMAL user - failure [] []
[2015-10-13 16:44:09] /Users/matt/Code/webdriver_plus_codeception-4/tests/acceptance//TestLoginNormalUserBadPasswordCept.php.INFO: I am on page "/login.php" [] []
[2015-10-13 16:44:09] /Users/matt/Code/webdriver_plus_codeception-4/tests/acceptance//TestLoginNormalUserBadPasswordCept.php.INFO: I fill field "username","user" [] []
[2015-10-13 16:44:10] /Users/matt/Code/webdriver_plus_codeception-4/tests/acceptance//TestLoginNormalUserBadPasswordCept.php.INFO: I fill field "password","bad_password" [] []
[2015-10-13 16:44:10] /Users/matt/Code/webdriver_plus_codeception-4/tests/acceptance//TestLoginNormalUserBadPasswordCept.php.INFO: I click "login" [] []
[2015-10-13 16:44:10] /Users/matt/Code/webdriver_plus_codeception-4/tests/acceptance//TestLoginNormalUserBadPasswordCept.php.INFO: I see "try again" [] []
[2015-10-13 16:44:10] /Users/matt/Code/webdriver_plus_codeception-4/tests/acceptance//TestLoginNormalUserBadPasswordCept.php.INFO: PASSED [] []
[2015-10-13 16:44:10] /Users/matt/Code/webdriver_plus_codeception-4/tests/acceptance//TestLoginNormalUserCept.php.INFO: ------------------------------------ [] []
[2015-10-13 16:44:10] /Users/matt/Code/webdriver_plus_codeception-4/tests/acceptance//TestLoginNormalUserCept.php.INFO: STARTED: Sign in as NORMAL user [] []
[2015-10-13 16:44:10] /Users/matt/Code/webdriver_plus_codeception-4/tests/acceptance//TestLoginNormalUserCept.php.INFO: I am on page "/login.php" [] []
[2015-10-13 16:44:10] /Users/matt/Code/webdriver_plus_codeception-4/tests/acceptance//TestLoginNormalUserCept.php.INFO: I fill field "username","user" [] []
[2015-10-13 16:44:10] /Users/matt/Code/webdriver_plus_codeception-4/tests/acceptance//TestLoginNormalUserCept.php.INFO: I fill field "password","user" [] []
[2015-10-13 16:44:10] /Users/matt/Code/webdriver_plus_codeception-4/tests/acceptance//TestLoginNormalUserCept.php.INFO: I click "login" [] []
[2015-10-13 16:44:11] /Users/matt/Code/webdriver_plus_codeception-4/tests/acceptance//TestLoginNormalUserCept.php.INFO: I see "kitchen" [] []
[2015-10-13 16:44:11] /Users/matt/Code/webdriver_plus_codeception-4/tests/acceptance//TestLoginNormalUserCept.php.INFO: PASSED [] []
[2015-10-13 16:44:11] /Users/matt/Code/webdriver_plus_codeception-4/tests/acceptance//WelcomeCept.php.INFO: ------------------------------------ [] []
[2015-10-13 16:44:11] /Users/matt/Code/webdriver_plus_codeception-4/tests/acceptance//WelcomeCept.php.INFO: STARTED: Ensure that frontpage works [] []
[2015-10-13 16:44:11] /Users/matt/Code/webdriver_plus_codeception-4/tests/acceptance//WelcomeCept.php.INFO: I am on page "/" [] []
[2015-10-13 16:44:11] /Users/matt/Code/webdriver_plus_codeception-4/tests/acceptance//WelcomeCept.php.INFO: I see "Home" [] []
[2015-10-13 16:44:11] /Users/matt/Code/webdriver_plus_codeception-4/tests/acceptance//WelcomeCept.php.INFO: PASSED [] []
[2015-10-13 16:45:01] /Users/matt/Code/webdriver_plus_codeception-4/tests/acceptance//GitHub-webdriverCept.php.INFO: ------------------------------------ [] []
[2015-10-13 16:45:01] /Users/matt/Code/webdriver_plus_codeception-4/tests/acceptance//GitHub-webdriverCept.php.INFO: STARTED: Find facebook/php-webdriver on GitHub [] []
[2015-10-13 16:45:01] /Users/matt/Code/webdriver_plus_codeception-4/tests/acceptance//GitHub-webdriverCept.php.INFO: I am on page "/" [] []
[2015-10-13 16:45:01] /Users/matt/Code/webdriver_plus_codeception-4/tests/acceptance//GitHub-webdriverCept.php.INFO: I click "github" [] []
[2015-10-13 16:45:04] /Users/matt/Code/webdriver_plus_codeception-4/tests/acceptance//GitHub-webdriverCept.php.INFO: I submit form ".js-site-search-form",{"q":"php-webdriver"} [] []
[2015-10-13 16:45:06] /Users/matt/Code/webdriver_plus_codeception-4/tests/acceptance//GitHub-webdriverCept.php.INFO: I see "facebook/php-webdriver" [] []
[2015-10-13 16:45:07] /Users/matt/Code/webdriver_plus_codeception-4/tests/acceptance//GitHub-webdriverCept.php.INFO: I click "facebook/php-webdriver" [] []
[2015-10-13 16:45:08] /Users/matt/Code/webdriver_plus_codeception-4/tests/acceptance//GitHub-webdriverCept.php.INFO: I see in title "php-webdriver" [] []
[2015-10-13 16:45:09] /Users/matt/Code/webdriver_plus_codeception-4/tests/acceptance//GitHub-webdriverCept.php.INFO: I see current url equals "/facebook/php-webdriver" [] []
[2015-10-13 16:45:09] /Users/matt/Code/webdriver_plus_codeception-4/tests/acceptance//GitHub-webdriverCept.php.INFO: PASSED [] []
[2015-10-13 16:45:09] /Users/matt/Code/webdriver_plus_codeception-4/tests/acceptance//TestLoginAdminUserCept.php.INFO: ------------------------------------ [] []
[2015-10-13 16:45:09] /Users/matt/Code/webdriver_plus_codeception-4/tests/acceptance//TestLoginAdminUserCept.php.INFO: STARTED: Sign in as ADMIN user [] []
[2015-10-13 16:45:09] /Users/matt/Code/webdriver_plus_codeception-4/tests/acceptance//TestLoginAdminUserCept.php.INFO: I am on page "/login.php" [] []
[2015-10-13 16:45:09] /Users/matt/Code/webdriver_plus_codeception-4/tests/acceptance//TestLoginAdminUserCept.php.INFO: I fill field "username","admin" [] []
[2015-10-13 16:45:09] /Users/matt/Code/webdriver_plus_codeception-4/tests/acceptance//TestLoginAdminUserCept.php.INFO: I fill field "password","admin" [] []
[2015-10-13 16:45:10] /Users/matt/Code/webdriver_plus_codeception-4/tests/acceptance//TestLoginAdminUserCept.php.INFO: I click "login" [] []
[2015-10-13 16:45:10] /Users/matt/Code/webdriver_plus_codeception-4/tests/acceptance//TestLoginAdminUserCept.php.INFO: I see "hello admin user" [] []
[2015-10-13 16:45:10] /Users/matt/Code/webdriver_plus_codeception-4/tests/acceptance//TestLoginAdminUserCept.php.INFO: PASSED [] []
[2015-10-13 16:45:10] /Users/matt/Code/webdriver_plus_codeception-4/tests/acceptance//TestLoginNormalUserBadPasswordCept.php.INFO: ------------------------------------ [] []
[2015-10-13 16:45:10] /Users/matt/Code/webdriver_plus_codeception-4/tests/acceptance//TestLoginNormalUserBadPasswordCept.php.INFO: STARTED: Sign in as NORMAL user - failure [] []
[2015-10-13 16:45:10] /Users/matt/Code/webdriver_plus_codeception-4/tests/acceptance//TestLoginNormalUserBadPasswordCept.php.INFO: I am on page "/login.php" [] []
[2015-10-13 16:45:10] /Users/matt/Code/webdriver_plus_codeception-4/tests/acceptance//TestLoginNormalUserBadPasswordCept.php.INFO: I fill field "username","user" [] []
[2015-10-13 16:45:10] /Users/matt/Code/webdriver_plus_codeception-4/tests/acceptance//TestLoginNormalUserBadPasswordCept.php.INFO: I fill field "password","bad_password" [] []
[2015-10-13 16:45:10] /Users/matt/Code/webdriver_plus_codeception-4/tests/acceptance//TestLoginNormalUserBadPasswordCept.php.INFO: I click "login" [] []
[2015-10-13 16:45:11] /Users/matt/Code/webdriver_plus_codeception-4/tests/acceptance//TestLoginNormalUserBadPasswordCept.php.INFO: I see "try again" [] []
[2015-10-13 16:45:11] /Users/matt/Code/webdriver_plus_codeception-4/tests/acceptance//TestLoginNormalUserBadPasswordCept.php.INFO: PASSED [] []
[2015-10-13 16:45:11] /Users/matt/Code/webdriver_plus_codeception-4/tests/acceptance//TestLoginNormalUserCept.php.INFO: ------------------------------------ [] []
[2015-10-13 16:45:11] /Users/matt/Code/webdriver_plus_codeception-4/tests/acceptance//TestLoginNormalUserCept.php.INFO: STARTED: Sign in as NORMAL user [] []
[2015-10-13 16:45:11] /Users/matt/Code/webdriver_plus_codeception-4/tests/acceptance//TestLoginNormalUserCept.php.INFO: I am on page "/login.php" [] []
[2015-10-13 16:45:11] /Users/matt/Code/webdriver_plus_codeception-4/tests/acceptance//TestLoginNormalUserCept.php.INFO: I fill field "username","user" [] []
[2015-10-13 16:45:11] /Users/matt/Code/webdriver_plus_codeception-4/tests/acceptance//TestLoginNormalUserCept.php.INFO: I fill field "password","user" [] []
[2015-10-13 16:45:11] /Users/matt/Code/webdriver_plus_codeception-4/tests/acceptance//TestLoginNormalUserCept.php.INFO: I click "login" [] []
[2015-10-13 16:45:11] /Users/matt/Code/webdriver_plus_codeception-4/tests/acceptance//TestLoginNormalUserCept.php.INFO: I see "kitchen" [] []
[2015-10-13 16:45:11] /Users/matt/Code/webdriver_plus_codeception-4/tests/acceptance//TestLoginNormalUserCept.php.INFO: PASSED [] []
[2015-10-13 16:45:11] /Users/matt/Code/webdriver_plus_codeception-4/tests/acceptance//WelcomeCept.php.INFO: ------------------------------------ [] []
[2015-10-13 16:45:11] /Users/matt/Code/webdriver_plus_codeception-4/tests/acceptance//WelcomeCept.php.INFO: STARTED: Ensure that frontpage works [] []
[2015-10-13 16:45:11] /Users/matt/Code/webdriver_plus_codeception-4/tests/acceptance//WelcomeCept.php.INFO: I am on page "/" [] []
[2015-10-13 16:45:12] /Users/matt/Code/webdriver_plus_codeception-4/tests/acceptance//WelcomeCept.php.INFO: I see "Home" [] []
[2015-10-13 16:45:12] /Users/matt/Code/webdriver_plus_codeception-4/tests/acceptance//WelcomeCept.php.INFO: PASSED [] []
